<?xml version="1.0" encoding="UTF-8"?>
<!-- Generated by org.testng.reporters.JUnitReportReporter -->
<testsuite hostname="DESKTOP-6HPEAMJ" failures="0" tests="1" name="pspTech.karigor.testCases.HomePage" time="0.216" errors="0" timestamp="7 Feb 2024 02:36:01 GMT">
  <testcase classname="pspTech.karigor.testCases.HomePage" name="TC_001_HomePageHomeButtonClicked" time="0.216"/>
</testsuite> <!-- pspTech.karigor.testCases.HomePage -->
